14:31:28.890 [main] DEBUG io.netty.util.internal.logging.InternalLoggerFactory - Using Log4J2 as the default logging framework
14:31:28.903 [main] DEBUG io.netty.util.ResourceLeakDetector - -Dio.netty.leakDetection.level: simple
14:31:28.904 [main] DEBUG io.netty.util.ResourceLeakDetector - -Dio.netty.leakDetection.targetRecords: 4
14:31:28.908 [main] DEBUG io.netty.util.ResourceLeakDetectorFactory - Loaded default ResourceLeakDetector: io.netty.util.ResourceLeakDetector@5118388b
14:31:28.924 [main] DEBUG io.netty.util.internal.PlatformDependent0 - -Dio.netty.noUnsafe: false
14:31:28.924 [main] DEBUG io.netty.util.internal.PlatformDependent0 - Java version: 8
14:31:28.925 [main] DEBUG io.netty.util.internal.PlatformDependent0 - sun.misc.Unsafe.theUnsafe: available
14:31:28.926 [main] DEBUG io.netty.util.internal.PlatformDependent0 - sun.misc.Unsafe.copyMemory: available
14:31:28.926 [main] DEBUG io.netty.util.internal.PlatformDependent0 - java.nio.Buffer.address: available
14:31:28.926 [main] DEBUG io.netty.util.internal.PlatformDependent0 - direct buffer constructor: available
14:31:28.927 [main] DEBUG io.netty.util.internal.PlatformDependent0 - java.nio.Bits.unaligned: available, true
14:31:28.927 [main] DEBUG io.netty.util.internal.PlatformDependent0 - jdk.internal.misc.Unsafe.allocateUninitializedArray(int): unavailable prior to Java9
14:31:28.927 [main] DEBUG io.netty.util.internal.PlatformDependent0 - java.nio.DirectByteBuffer.<init>(long, int): available
14:31:28.927 [main] DEBUG io.netty.util.internal.PlatformDependent - sun.misc.Unsafe: available
14:31:28.928 [main] DEBUG io.netty.util.internal.PlatformDependent - -Dio.netty.tmpdir: /var/folders/7h/rf9v8xp9007_skxn9lj5tq0r0000gn/T (java.io.tmpdir)
14:31:28.928 [main] DEBUG io.netty.util.internal.PlatformDependent - -Dio.netty.bitMode: 64 (sun.arch.data.model)
14:31:28.928 [main] DEBUG io.netty.util.internal.PlatformDependent - Platform: MacOS
14:31:28.929 [main] DEBUG io.netty.util.internal.PlatformDependent - -Dio.netty.maxDirectMemory: 1908932608 bytes
14:31:28.929 [main] DEBUG io.netty.util.internal.PlatformDependent - -Dio.netty.uninitializedArrayAllocationThreshold: -1
14:31:28.930 [main] DEBUG io.netty.util.internal.CleanerJava6 - java.nio.ByteBuffer.cleaner(): available
14:31:28.930 [main] DEBUG io.netty.util.internal.PlatformDependent - -Dio.netty.noPreferDirect: false
14:31:28.936 [main] DEBUG io.netty.util.internal.PlatformDependent - org.jctools-core.MpscChunkedArrayQueue: available
14:31:28.963 [main] DEBUG io.netty.util.internal.InternalThreadLocalMap - -Dio.netty.threadLocalMap.stringBuilder.initialSize: 1024
14:31:28.963 [main] DEBUG io.netty.util.internal.InternalThreadLocalMap - -Dio.netty.threadLocalMap.stringBuilder.maxSize: 4096
14:31:29.000 [main] DEBUG io.netty.handler.ssl.JdkSslContext - Default protocols (JDK): [TLSv1.2, TLSv1.1, TLSv1] 
14:31:29.000 [main] DEBUG io.netty.handler.ssl.JdkSslContext - Default cipher suites (JDK): [TLS_ECDHE_ECDSA_WITH_AES_256_GCM_SHA384, TLS_ECDHE_ECDSA_WITH_AES_128_GCM_SHA256, TLS_ECDHE_RSA_WITH_AES_128_GCM_SHA256, TLS_ECDHE_RSA_WITH_AES_256_GCM_SHA384, TLS_ECDHE_RSA_WITH_AES_128_CBC_SHA, TLS_ECDHE_RSA_WITH_AES_256_CBC_SHA, TLS_RSA_WITH_AES_128_GCM_SHA256, TLS_RSA_WITH_AES_128_CBC_SHA, TLS_RSA_WITH_AES_256_CBC_SHA]
14:31:29.024 [main] DEBUG io.netty.channel.MultithreadEventLoopGroup - -Dio.netty.eventLoopThreads: 16
14:31:29.033 [main] DEBUG io.netty.channel.nio.NioEventLoop - -Dio.netty.noKeySetOptimization: false
14:31:29.033 [main] DEBUG io.netty.channel.nio.NioEventLoop - -Dio.netty.selectorAutoRebuildThreshold: 512
14:31:29.038 [main] TRACE io.netty.channel.nio.NioEventLoop - instrumented a special java.util.Set into: sun.nio.ch.KQueueSelectorImpl@5ea502e0
14:31:29.039 [main] TRACE io.netty.channel.nio.NioEventLoop - instrumented a special java.util.Set into: sun.nio.ch.KQueueSelectorImpl@1734f68
14:31:29.039 [main] TRACE io.netty.channel.nio.NioEventLoop - instrumented a special java.util.Set into: sun.nio.ch.KQueueSelectorImpl@77b7ffa4
14:31:29.039 [main] TRACE io.netty.channel.nio.NioEventLoop - instrumented a special java.util.Set into: sun.nio.ch.KQueueSelectorImpl@5ed190be
14:31:29.039 [main] TRACE io.netty.channel.nio.NioEventLoop - instrumented a special java.util.Set into: sun.nio.ch.KQueueSelectorImpl@402f80f5
14:31:29.040 [main] TRACE io.netty.channel.nio.NioEventLoop - instrumented a special java.util.Set into: sun.nio.ch.KQueueSelectorImpl@5bbc9f97
14:31:29.040 [main] TRACE io.netty.channel.nio.NioEventLoop - instrumented a special java.util.Set into: sun.nio.ch.KQueueSelectorImpl@133e019b
14:31:29.040 [main] TRACE io.netty.channel.nio.NioEventLoop - instrumented a special java.util.Set into: sun.nio.ch.KQueueSelectorImpl@41382722
14:31:29.040 [main] TRACE io.netty.channel.nio.NioEventLoop - instrumented a special java.util.Set into: sun.nio.ch.KQueueSelectorImpl@7dac3fd8
14:31:29.040 [main] TRACE io.netty.channel.nio.NioEventLoop - instrumented a special java.util.Set into: sun.nio.ch.KQueueSelectorImpl@425357dd
14:31:29.040 [main] TRACE io.netty.channel.nio.NioEventLoop - instrumented a special java.util.Set into: sun.nio.ch.KQueueSelectorImpl@2102a4d5
14:31:29.040 [main] TRACE io.netty.channel.nio.NioEventLoop - instrumented a special java.util.Set into: sun.nio.ch.KQueueSelectorImpl@210386e0
14:31:29.041 [main] TRACE io.netty.channel.nio.NioEventLoop - instrumented a special java.util.Set into: sun.nio.ch.KQueueSelectorImpl@3d4d3fe7
14:31:29.041 [main] TRACE io.netty.channel.nio.NioEventLoop - instrumented a special java.util.Set into: sun.nio.ch.KQueueSelectorImpl@65f87a2c
14:31:29.041 [main] TRACE io.netty.channel.nio.NioEventLoop - instrumented a special java.util.Set into: sun.nio.ch.KQueueSelectorImpl@51684e4a
14:31:29.041 [main] TRACE io.netty.channel.nio.NioEventLoop - instrumented a special java.util.Set into: sun.nio.ch.KQueueSelectorImpl@6ce1f601
14:31:29.073 [main] DEBUG io.netty.buffer.PooledByteBufAllocator - -Dio.netty.allocator.numHeapArenas: 16
14:31:29.073 [main] DEBUG io.netty.buffer.PooledByteBufAllocator - -Dio.netty.allocator.numDirectArenas: 16
14:31:29.073 [main] DEBUG io.netty.buffer.PooledByteBufAllocator - -Dio.netty.allocator.pageSize: 8192
14:31:29.073 [main] DEBUG io.netty.buffer.PooledByteBufAllocator - -Dio.netty.allocator.maxOrder: 9
14:31:29.073 [main] DEBUG io.netty.buffer.PooledByteBufAllocator - -Dio.netty.allocator.chunkSize: 4194304
14:31:29.073 [main] DEBUG io.netty.buffer.PooledByteBufAllocator - -Dio.netty.allocator.smallCacheSize: 256
14:31:29.073 [main] DEBUG io.netty.buffer.PooledByteBufAllocator - -Dio.netty.allocator.normalCacheSize: 64
14:31:29.073 [main] DEBUG io.netty.buffer.PooledByteBufAllocator - -Dio.netty.allocator.maxCachedBufferCapacity: 32768
14:31:29.073 [main] DEBUG io.netty.buffer.PooledByteBufAllocator - -Dio.netty.allocator.cacheTrimInterval: 8192
14:31:29.073 [main] DEBUG io.netty.buffer.PooledByteBufAllocator - -Dio.netty.allocator.cacheTrimIntervalMillis: 0
14:31:29.074 [main] DEBUG io.netty.buffer.PooledByteBufAllocator - -Dio.netty.allocator.useCacheForAllThreads: false
14:31:29.074 [main] DEBUG io.netty.buffer.PooledByteBufAllocator - -Dio.netty.allocator.maxCachedByteBuffersPerChunk: 1023
14:31:29.089 [main] DEBUG io.netty.buffer.ByteBufUtil - -Dio.netty.allocator.type: pooled
14:31:29.089 [main] DEBUG io.netty.buffer.ByteBufUtil - -Dio.netty.threadLocalDirectBufferSize: 0
14:31:29.090 [main] DEBUG io.netty.buffer.ByteBufUtil - -Dio.netty.maxThreadLocalCharBufferSize: 16384
14:31:29.512 [Forwarding newSession on session null to remote] DEBUG io.netty.channel.DefaultChannelId - -Dio.netty.processId: 12458 (auto-detected)
14:31:29.514 [Forwarding newSession on session null to remote] DEBUG io.netty.util.NetUtil - -Djava.net.preferIPv4Stack: false
14:31:29.515 [Forwarding newSession on session null to remote] DEBUG io.netty.util.NetUtil - -Djava.net.preferIPv6Addresses: false
14:31:29.517 [Forwarding newSession on session null to remote] DEBUG io.netty.util.NetUtilInitializations - Loopback interface: lo0 (lo0, 0:0:0:0:0:0:0:1%lo0)
14:31:29.519 [Forwarding newSession on session null to remote] DEBUG io.netty.util.NetUtil - Failed to get SOMAXCONN from sysctl and file /proc/sys/net/core/somaxconn. Default: 128
14:31:29.521 [Forwarding newSession on session null to remote] DEBUG io.netty.channel.DefaultChannelId - -Dio.netty.machineId: 14:7d:da:ff:fe:b9:31:2a (auto-detected)
14:31:29.576 [AsyncHttpClient-1-2] DEBUG io.netty.buffer.AbstractByteBuf - -Dio.netty.buffer.checkAccessible: true
14:31:29.577 [AsyncHttpClient-1-2] DEBUG io.netty.buffer.AbstractByteBuf - -Dio.netty.buffer.checkBounds: true
14:31:29.577 [AsyncHttpClient-1-2] DEBUG io.netty.util.ResourceLeakDetectorFactory - Loaded default ResourceLeakDetector: io.netty.util.ResourceLeakDetector@c8c8cce
14:31:29.600 [AsyncHttpClient-1-2] DEBUG io.netty.util.Recycler - -Dio.netty.recycler.maxCapacityPerThread: 4096
14:31:29.601 [AsyncHttpClient-1-2] DEBUG io.netty.util.Recycler - -Dio.netty.recycler.ratio: 8
14:31:29.601 [AsyncHttpClient-1-2] DEBUG io.netty.util.Recycler - -Dio.netty.recycler.chunkSize: 32
14:31:29.601 [AsyncHttpClient-1-2] DEBUG io.netty.util.Recycler - -Dio.netty.recycler.blocking: false
14:31:31.427 [AsyncHttpClient-1-2] DEBUG io.netty.handler.codec.compression.Brotli - brotli4j not in the classpath; Brotli support will be unavailable.
14:31:31.583 [main] DEBUG io.netty.util.internal.ThreadLocalRandom - -Dio.netty.initialSeedUniquifier: 0x921344f43717f796
14:31:31.663 [main] INFO  testCases.TC_001_AccountRegistration - Launched Chrome Browser
14:31:31.705 [main] INFO  testCases.TC_001_AccountRegistration -  Starting TC_001_AccountRegistration 
14:31:32.708 [main] INFO  testCases.TC_001_AccountRegistration - Home Page Displayed 
14:31:33.050 [main] INFO  testCases.TC_001_AccountRegistration - Clicked on My Account 
14:31:33.559 [main] INFO  testCases.TC_001_AccountRegistration - Clicked on Register 
14:31:33.665 [main] INFO  testCases.TC_001_AccountRegistration - Provided First Name 
14:31:33.719 [main] INFO  testCases.TC_001_AccountRegistration - Provided Last Name 
14:31:33.775 [main] INFO  testCases.TC_001_AccountRegistration - Provided Email 
14:31:33.826 [main] INFO  testCases.TC_001_AccountRegistration - Provided Telephone 
14:31:33.878 [main] INFO  testCases.TC_001_AccountRegistration - Provided Password 
14:31:33.930 [main] INFO  testCases.TC_001_AccountRegistration - Provided Confrmed Password 
14:31:33.978 [main] INFO  testCases.TC_001_AccountRegistration - Set Privacy Policy 
14:31:34.959 [main] INFO  testCases.TC_001_AccountRegistration - Clicked on Continue 
14:31:34.987 [main] INFO  testCases.TC_001_AccountRegistration - Account Registration Success 
14:31:34.990 [main] INFO  testCases.TC_001_AccountRegistration -  Finished TC_001_AccountRegistration 
14:31:35.008 [AsyncHttpClient-1-4] TRACE io.netty.handler.codec.http.websocketx.WebSocket08FrameEncoder - Encoding WebSocket Frame opCode=8 length=26
14:31:36.615 [main] INFO  testCases.TC_002_Login - Launched Chrome Browser
14:31:36.638 [main] INFO  testCases.TC_002_Login -  Starting TC_002_Login 
14:31:37.543 [main] INFO  testCases.TC_002_Login - Home Page Displayed 
14:31:37.835 [main] INFO  testCases.TC_002_Login - Clicked on My Account 
14:31:38.330 [main] INFO  testCases.TC_002_Login - Clicked on Login 
14:31:38.435 [main] INFO  testCases.TC_002_Login - Provided Email 
14:31:38.484 [main] INFO  testCases.TC_002_Login - Provided Password 
14:31:39.471 [main] INFO  testCases.TC_002_Login - Clicked on Login
14:31:39.513 [main] INFO  testCases.TC_002_Login - Login Success 
14:31:39.513 [main] INFO  testCases.TC_002_Login -  Finished TC_002_Login 
14:31:39.515 [AsyncHttpClient-1-7] TRACE io.netty.handler.codec.http.websocketx.WebSocket08FrameEncoder - Encoding WebSocket Frame opCode=8 length=26
14:34:29.144 [main] DEBUG io.netty.util.internal.logging.InternalLoggerFactory - Using Log4J2 as the default logging framework
14:34:29.184 [main] DEBUG io.netty.util.ResourceLeakDetector - -Dio.netty.leakDetection.level: simple
14:34:29.184 [main] DEBUG io.netty.util.ResourceLeakDetector - -Dio.netty.leakDetection.targetRecords: 4
14:34:29.190 [main] DEBUG io.netty.util.ResourceLeakDetectorFactory - Loaded default ResourceLeakDetector: io.netty.util.ResourceLeakDetector@52cb4f50
14:34:29.249 [main] DEBUG io.netty.util.internal.PlatformDependent0 - -Dio.netty.noUnsafe: false
14:34:29.249 [main] DEBUG io.netty.util.internal.PlatformDependent0 - Java version: 9
14:34:29.277 [main] DEBUG io.netty.util.internal.PlatformDependent0 - sun.misc.Unsafe.theUnsafe: available
14:34:29.278 [main] DEBUG io.netty.util.internal.PlatformDependent0 - sun.misc.Unsafe.copyMemory: available
14:34:29.279 [main] DEBUG io.netty.util.internal.PlatformDependent0 - java.nio.Buffer.address: available
14:34:29.280 [main] DEBUG io.netty.util.internal.PlatformDependent0 - direct buffer constructor: unavailable
java.lang.UnsupportedOperationException: Reflective setAccessible(true) disabled
	at io.netty.util.internal.ReflectionUtil.trySetAccessible(ReflectionUtil.java:31) ~[netty-common-4.1.75.Final.jar:4.1.75.Final]
	at io.netty.util.internal.PlatformDependent0$4.run(PlatformDependent0.java:253) ~[netty-common-4.1.75.Final.jar:4.1.75.Final]
	at java.security.AccessController.doPrivileged(Native Method) ~[?:?]
	at io.netty.util.internal.PlatformDependent0.<clinit>(PlatformDependent0.java:247) ~[netty-common-4.1.75.Final.jar:4.1.75.Final]
	at io.netty.util.internal.PlatformDependent.isAndroid(PlatformDependent.java:294) ~[netty-common-4.1.75.Final.jar:4.1.75.Final]
	at io.netty.util.internal.PlatformDependent.<clinit>(PlatformDependent.java:88) ~[netty-common-4.1.75.Final.jar:4.1.75.Final]
	at io.netty.util.HashedWheelTimer.<init>(HashedWheelTimer.java:114) ~[netty-common-4.1.75.Final.jar:4.1.75.Final]
	at io.netty.util.HashedWheelTimer.<init>(HashedWheelTimer.java:251) ~[netty-common-4.1.75.Final.jar:4.1.75.Final]
	at io.netty.util.HashedWheelTimer.<init>(HashedWheelTimer.java:224) ~[netty-common-4.1.75.Final.jar:4.1.75.Final]
	at io.netty.util.HashedWheelTimer.<init>(HashedWheelTimer.java:203) ~[netty-common-4.1.75.Final.jar:4.1.75.Final]
	at org.asynchttpclient.DefaultAsyncHttpClient.newNettyTimer(DefaultAsyncHttpClient.java:111) ~[async-http-client-2.12.3.jar:?]
	at org.asynchttpclient.DefaultAsyncHttpClient.<init>(DefaultAsyncHttpClient.java:90) ~[async-http-client-2.12.3.jar:?]
	at org.asynchttpclient.Dsl.asyncHttpClient(Dsl.java:32) ~[async-http-client-2.12.3.jar:?]
	at org.openqa.selenium.remote.http.netty.NettyClient.createHttpClient(NettyClient.java:119) ~[selenium-remote-driver-4.1.3.jar:?]
	at org.openqa.selenium.remote.http.netty.NettyClient.<clinit>(NettyClient.java:52) ~[selenium-remote-driver-4.1.3.jar:?]
	at org.openqa.selenium.remote.http.netty.NettyClient$Factory.createClient(NettyClient.java:160) ~[selenium-remote-driver-4.1.3.jar:?]
	at org.openqa.selenium.remote.HttpCommandExecutor.<init>(HttpCommandExecutor.java:107) ~[selenium-remote-driver-4.1.3.jar:?]
	at org.openqa.selenium.remote.HttpCommandExecutor.<init>(HttpCommandExecutor.java:94) ~[selenium-remote-driver-4.1.3.jar:?]
	at org.openqa.selenium.remote.HttpCommandExecutor.<init>(HttpCommandExecutor.java:85) ~[selenium-remote-driver-4.1.3.jar:?]
	at org.openqa.selenium.remote.service.DriverCommandExecutor.<init>(DriverCommandExecutor.java:80) ~[selenium-remote-driver-4.1.3.jar:?]
	at org.openqa.selenium.chromium.ChromiumDriverCommandExecutor.<init>(ChromiumDriverCommandExecutor.java:35) ~[selenium-chromium-driver-4.1.3.jar:?]
	at org.openqa.selenium.chrome.ChromeDriver$ChromeDriverCommandExecutor.<init>(ChromeDriver.java:118) ~[selenium-chrome-driver-4.1.3.jar:?]
	at org.openqa.selenium.chrome.ChromeDriver.<init>(ChromeDriver.java:106) ~[selenium-chrome-driver-4.1.3.jar:?]
	at org.openqa.selenium.chrome.ChromeDriver.<init>(ChromeDriver.java:93) ~[selenium-chrome-driver-4.1.3.jar:?]
	at org.openqa.selenium.chrome.ChromeDriver.<init>(ChromeDriver.java:48) ~[selenium-chrome-driver-4.1.3.jar:?]
	at testBase.BaseClass.setup(BaseClass.java:44) ~[test-classes/:?]
	at jdk.internal.reflect.NativeMethodAccessorImpl.invoke0(Native Method) ~[?:?]
	at jdk.internal.reflect.NativeMethodAccessorImpl.invoke(NativeMethodAccessorImpl.java:62) ~[?:?]
	at jdk.internal.reflect.DelegatingMethodAccessorImpl.invoke(DelegatingMethodAccessorImpl.java:43) ~[?:?]
	at java.lang.reflect.Method.invoke(Method.java:564) ~[?:?]
	at org.testng.internal.invokers.MethodInvocationHelper.invokeMethod(MethodInvocationHelper.java:135) ~[testng-7.5.jar:7.5]
	at org.testng.internal.invokers.MethodInvocationHelper.invokeMethodConsideringTimeout(MethodInvocationHelper.java:65) ~[testng-7.5.jar:7.5]
	at org.testng.internal.invokers.ConfigInvoker.invokeConfigurationMethod(ConfigInvoker.java:381) ~[testng-7.5.jar:7.5]
	at org.testng.internal.invokers.ConfigInvoker.invokeConfigurations(ConfigInvoker.java:319) ~[testng-7.5.jar:7.5]
	at org.testng.internal.invokers.TestMethodWorker.invokeBeforeClassMethods(TestMethodWorker.java:178) ~[testng-7.5.jar:7.5]
	at org.testng.internal.invokers.TestMethodWorker.run(TestMethodWorker.java:122) ~[testng-7.5.jar:7.5]
	at java.util.ArrayList.forEach(ArrayList.java:1380) [?:?]
	at org.testng.TestRunner.privateRun(TestRunner.java:808) [testng-7.5.jar:7.5]
	at org.testng.TestRunner.run(TestRunner.java:603) [testng-7.5.jar:7.5]
	at org.testng.SuiteRunner.runTest(SuiteRunner.java:429) [testng-7.5.jar:7.5]
	at org.testng.SuiteRunner.runSequentially(SuiteRunner.java:423) [testng-7.5.jar:7.5]
	at org.testng.SuiteRunner.privateRun(SuiteRunner.java:383) [testng-7.5.jar:7.5]
	at org.testng.SuiteRunner.run(SuiteRunner.java:326) [testng-7.5.jar:7.5]
	at org.testng.SuiteRunnerWorker.runSuite(SuiteRunnerWorker.java:52) [testng-7.5.jar:7.5]
	at org.testng.SuiteRunnerWorker.run(SuiteRunnerWorker.java:95) [testng-7.5.jar:7.5]
	at org.testng.TestNG.runSuitesSequentially(TestNG.java:1249) [testng-7.5.jar:7.5]
	at org.testng.TestNG.runSuitesLocally(TestNG.java:1169) [testng-7.5.jar:7.5]
	at org.testng.TestNG.runSuites(TestNG.java:1092) [testng-7.5.jar:7.5]
	at org.testng.TestNG.run(TestNG.java:1060) [testng-7.5.jar:7.5]
	at org.apache.maven.surefire.testng.TestNGExecutor.run(TestNGExecutor.java:284) [surefire-testng-3.0.0-M5.jar:3.0.0-M5]
	at org.apache.maven.surefire.testng.TestNGXmlTestSuite.execute(TestNGXmlTestSuite.java:75) [surefire-testng-3.0.0-M5.jar:3.0.0-M5]
	at org.apache.maven.surefire.testng.TestNGProvider.invoke(TestNGProvider.java:119) [surefire-testng-3.0.0-M5.jar:3.0.0-M5]
	at org.apache.maven.surefire.booter.ForkedBooter.runSuitesInProcess(ForkedBooter.java:428) [surefire-booter-3.0.0-M5.jar:3.0.0-M5]
	at org.apache.maven.surefire.booter.ForkedBooter.execute(ForkedBooter.java:162) [surefire-booter-3.0.0-M5.jar:3.0.0-M5]
	at org.apache.maven.surefire.booter.ForkedBooter.run(ForkedBooter.java:562) [surefire-booter-3.0.0-M5.jar:3.0.0-M5]
	at org.apache.maven.surefire.booter.ForkedBooter.main(ForkedBooter.java:548) [surefire-booter-3.0.0-M5.jar:3.0.0-M5]
14:34:29.290 [main] DEBUG io.netty.util.internal.PlatformDependent0 - java.nio.Bits.unaligned: available, true
14:34:29.292 [main] DEBUG io.netty.util.internal.PlatformDependent0 - jdk.internal.misc.Unsafe.allocateUninitializedArray(int): unavailable
java.lang.IllegalAccessException: class io.netty.util.internal.PlatformDependent0$6 cannot access class jdk.internal.misc.Unsafe (in module java.base) because module java.base does not export jdk.internal.misc to unnamed module @3a4621bd
	at jdk.internal.reflect.Reflection.newIllegalAccessException(Reflection.java:361) ~[?:?]
	at java.lang.reflect.AccessibleObject.checkAccess(AccessibleObject.java:589) ~[?:?]
	at java.lang.reflect.Method.invoke(Method.java:556) ~[?:?]
	at io.netty.util.internal.PlatformDependent0$6.run(PlatformDependent0.java:375) ~[netty-common-4.1.75.Final.jar:4.1.75.Final]
	at java.security.AccessController.doPrivileged(Native Method) ~[?:?]
	at io.netty.util.internal.PlatformDependent0.<clinit>(PlatformDependent0.java:366) ~[netty-common-4.1.75.Final.jar:4.1.75.Final]
	at io.netty.util.internal.PlatformDependent.isAndroid(PlatformDependent.java:294) ~[netty-common-4.1.75.Final.jar:4.1.75.Final]
	at io.netty.util.internal.PlatformDependent.<clinit>(PlatformDependent.java:88) ~[netty-common-4.1.75.Final.jar:4.1.75.Final]
	at io.netty.util.HashedWheelTimer.<init>(HashedWheelTimer.java:114) ~[netty-common-4.1.75.Final.jar:4.1.75.Final]
	at io.netty.util.HashedWheelTimer.<init>(HashedWheelTimer.java:251) ~[netty-common-4.1.75.Final.jar:4.1.75.Final]
	at io.netty.util.HashedWheelTimer.<init>(HashedWheelTimer.java:224) ~[netty-common-4.1.75.Final.jar:4.1.75.Final]
	at io.netty.util.HashedWheelTimer.<init>(HashedWheelTimer.java:203) ~[netty-common-4.1.75.Final.jar:4.1.75.Final]
	at org.asynchttpclient.DefaultAsyncHttpClient.newNettyTimer(DefaultAsyncHttpClient.java:111) ~[async-http-client-2.12.3.jar:?]
	at org.asynchttpclient.DefaultAsyncHttpClient.<init>(DefaultAsyncHttpClient.java:90) ~[async-http-client-2.12.3.jar:?]
	at org.asynchttpclient.Dsl.asyncHttpClient(Dsl.java:32) ~[async-http-client-2.12.3.jar:?]
	at org.openqa.selenium.remote.http.netty.NettyClient.createHttpClient(NettyClient.java:119) ~[selenium-remote-driver-4.1.3.jar:?]
	at org.openqa.selenium.remote.http.netty.NettyClient.<clinit>(NettyClient.java:52) ~[selenium-remote-driver-4.1.3.jar:?]
	at org.openqa.selenium.remote.http.netty.NettyClient$Factory.createClient(NettyClient.java:160) ~[selenium-remote-driver-4.1.3.jar:?]
	at org.openqa.selenium.remote.HttpCommandExecutor.<init>(HttpCommandExecutor.java:107) ~[selenium-remote-driver-4.1.3.jar:?]
	at org.openqa.selenium.remote.HttpCommandExecutor.<init>(HttpCommandExecutor.java:94) ~[selenium-remote-driver-4.1.3.jar:?]
	at org.openqa.selenium.remote.HttpCommandExecutor.<init>(HttpCommandExecutor.java:85) ~[selenium-remote-driver-4.1.3.jar:?]
	at org.openqa.selenium.remote.service.DriverCommandExecutor.<init>(DriverCommandExecutor.java:80) ~[selenium-remote-driver-4.1.3.jar:?]
	at org.openqa.selenium.chromium.ChromiumDriverCommandExecutor.<init>(ChromiumDriverCommandExecutor.java:35) ~[selenium-chromium-driver-4.1.3.jar:?]
	at org.openqa.selenium.chrome.ChromeDriver$ChromeDriverCommandExecutor.<init>(ChromeDriver.java:118) ~[selenium-chrome-driver-4.1.3.jar:?]
	at org.openqa.selenium.chrome.ChromeDriver.<init>(ChromeDriver.java:106) ~[selenium-chrome-driver-4.1.3.jar:?]
	at org.openqa.selenium.chrome.ChromeDriver.<init>(ChromeDriver.java:93) ~[selenium-chrome-driver-4.1.3.jar:?]
	at org.openqa.selenium.chrome.ChromeDriver.<init>(ChromeDriver.java:48) ~[selenium-chrome-driver-4.1.3.jar:?]
	at testBase.BaseClass.setup(BaseClass.java:44) ~[test-classes/:?]
	at jdk.internal.reflect.NativeMethodAccessorImpl.invoke0(Native Method) ~[?:?]
	at jdk.internal.reflect.NativeMethodAccessorImpl.invoke(NativeMethodAccessorImpl.java:62) ~[?:?]
	at jdk.internal.reflect.DelegatingMethodAccessorImpl.invoke(DelegatingMethodAccessorImpl.java:43) ~[?:?]
	at java.lang.reflect.Method.invoke(Method.java:564) ~[?:?]
	at org.testng.internal.invokers.MethodInvocationHelper.invokeMethod(MethodInvocationHelper.java:135) ~[testng-7.5.jar:7.5]
	at org.testng.internal.invokers.MethodInvocationHelper.invokeMethodConsideringTimeout(MethodInvocationHelper.java:65) ~[testng-7.5.jar:7.5]
	at org.testng.internal.invokers.ConfigInvoker.invokeConfigurationMethod(ConfigInvoker.java:381) ~[testng-7.5.jar:7.5]
	at org.testng.internal.invokers.ConfigInvoker.invokeConfigurations(ConfigInvoker.java:319) ~[testng-7.5.jar:7.5]
	at org.testng.internal.invokers.TestMethodWorker.invokeBeforeClassMethods(TestMethodWorker.java:178) ~[testng-7.5.jar:7.5]
	at org.testng.internal.invokers.TestMethodWorker.run(TestMethodWorker.java:122) ~[testng-7.5.jar:7.5]
	at java.util.ArrayList.forEach(ArrayList.java:1380) [?:?]
	at org.testng.TestRunner.privateRun(TestRunner.java:808) [testng-7.5.jar:7.5]
	at org.testng.TestRunner.run(TestRunner.java:603) [testng-7.5.jar:7.5]
	at org.testng.SuiteRunner.runTest(SuiteRunner.java:429) [testng-7.5.jar:7.5]
	at org.testng.SuiteRunner.runSequentially(SuiteRunner.java:423) [testng-7.5.jar:7.5]
	at org.testng.SuiteRunner.privateRun(SuiteRunner.java:383) [testng-7.5.jar:7.5]
	at org.testng.SuiteRunner.run(SuiteRunner.java:326) [testng-7.5.jar:7.5]
	at org.testng.SuiteRunnerWorker.runSuite(SuiteRunnerWorker.java:52) [testng-7.5.jar:7.5]
	at org.testng.SuiteRunnerWorker.run(SuiteRunnerWorker.java:95) [testng-7.5.jar:7.5]
	at org.testng.TestNG.runSuitesSequentially(TestNG.java:1249) [testng-7.5.jar:7.5]
	at org.testng.TestNG.runSuitesLocally(TestNG.java:1169) [testng-7.5.jar:7.5]
	at org.testng.TestNG.runSuites(TestNG.java:1092) [testng-7.5.jar:7.5]
	at org.testng.TestNG.run(TestNG.java:1060) [testng-7.5.jar:7.5]
	at org.apache.maven.surefire.testng.TestNGExecutor.run(TestNGExecutor.java:284) [surefire-testng-3.0.0-M5.jar:3.0.0-M5]
	at org.apache.maven.surefire.testng.TestNGXmlTestSuite.execute(TestNGXmlTestSuite.java:75) [surefire-testng-3.0.0-M5.jar:3.0.0-M5]
	at org.apache.maven.surefire.testng.TestNGProvider.invoke(TestNGProvider.java:119) [surefire-testng-3.0.0-M5.jar:3.0.0-M5]
	at org.apache.maven.surefire.booter.ForkedBooter.runSuitesInProcess(ForkedBooter.java:428) [surefire-booter-3.0.0-M5.jar:3.0.0-M5]
	at org.apache.maven.surefire.booter.ForkedBooter.execute(ForkedBooter.java:162) [surefire-booter-3.0.0-M5.jar:3.0.0-M5]
	at org.apache.maven.surefire.booter.ForkedBooter.run(ForkedBooter.java:562) [surefire-booter-3.0.0-M5.jar:3.0.0-M5]
	at org.apache.maven.surefire.booter.ForkedBooter.main(ForkedBooter.java:548) [surefire-booter-3.0.0-M5.jar:3.0.0-M5]
14:34:29.293 [main] DEBUG io.netty.util.internal.PlatformDependent0 - java.nio.DirectByteBuffer.<init>(long, int): unavailable
14:34:29.294 [main] DEBUG io.netty.util.internal.PlatformDependent - sun.misc.Unsafe: available
14:34:29.295 [main] DEBUG io.netty.util.internal.PlatformDependent - maxDirectMemory: 2147483648 bytes (maybe)
14:34:29.295 [main] DEBUG io.netty.util.internal.PlatformDependent - -Dio.netty.tmpdir: /var/folders/7h/rf9v8xp9007_skxn9lj5tq0r0000gn/T (java.io.tmpdir)
14:34:29.295 [main] DEBUG io.netty.util.internal.PlatformDependent - -Dio.netty.bitMode: 64 (sun.arch.data.model)
14:34:29.296 [main] DEBUG io.netty.util.internal.PlatformDependent - Platform: MacOS
14:34:29.297 [main] DEBUG io.netty.util.internal.PlatformDependent - -Dio.netty.maxDirectMemory: -1 bytes
14:34:29.297 [main] DEBUG io.netty.util.internal.PlatformDependent - -Dio.netty.uninitializedArrayAllocationThreshold: -1
14:34:29.325 [main] DEBUG io.netty.util.internal.CleanerJava9 - java.nio.ByteBuffer.cleaner(): available
14:34:29.325 [main] DEBUG io.netty.util.internal.PlatformDependent - -Dio.netty.noPreferDirect: false
14:34:29.336 [main] DEBUG io.netty.util.internal.PlatformDependent - org.jctools-core.MpscChunkedArrayQueue: available
14:34:29.433 [main] DEBUG io.netty.util.internal.InternalThreadLocalMap - -Dio.netty.threadLocalMap.stringBuilder.initialSize: 1024
14:34:29.434 [main] DEBUG io.netty.util.internal.InternalThreadLocalMap - -Dio.netty.threadLocalMap.stringBuilder.maxSize: 4096
14:34:29.529 [main] DEBUG io.netty.handler.ssl.JdkSslContext - Default protocols (JDK): [TLSv1.2, TLSv1.1, TLSv1] 
14:34:29.529 [main] DEBUG io.netty.handler.ssl.JdkSslContext - Default cipher suites (JDK): [TLS_ECDHE_ECDSA_WITH_AES_256_GCM_SHA384, TLS_ECDHE_ECDSA_WITH_AES_128_GCM_SHA256, TLS_ECDHE_RSA_WITH_AES_128_GCM_SHA256, TLS_ECDHE_RSA_WITH_AES_256_GCM_SHA384, TLS_ECDHE_RSA_WITH_AES_128_CBC_SHA, TLS_ECDHE_RSA_WITH_AES_256_CBC_SHA, TLS_RSA_WITH_AES_128_GCM_SHA256, TLS_RSA_WITH_AES_128_CBC_SHA, TLS_RSA_WITH_AES_256_CBC_SHA]
14:34:29.595 [main] DEBUG io.netty.channel.MultithreadEventLoopGroup - -Dio.netty.eventLoopThreads: 16
14:34:29.636 [main] DEBUG io.netty.channel.nio.NioEventLoop - -Dio.netty.noKeySetOptimization: false
14:34:29.636 [main] DEBUG io.netty.channel.nio.NioEventLoop - -Dio.netty.selectorAutoRebuildThreshold: 512
14:34:29.643 [main] TRACE io.netty.channel.nio.NioEventLoop - instrumented a special java.util.Set into: sun.nio.ch.KQueueSelectorImpl@4715ae33
14:34:29.643 [main] TRACE io.netty.channel.nio.NioEventLoop - instrumented a special java.util.Set into: sun.nio.ch.KQueueSelectorImpl@17690e14
14:34:29.643 [main] TRACE io.netty.channel.nio.NioEventLoop - instrumented a special java.util.Set into: sun.nio.ch.KQueueSelectorImpl@6850b758
14:34:29.644 [main] TRACE io.netty.channel.nio.NioEventLoop - instrumented a special java.util.Set into: sun.nio.ch.KQueueSelectorImpl@2a2ef072
14:34:29.644 [main] TRACE io.netty.channel.nio.NioEventLoop - instrumented a special java.util.Set into: sun.nio.ch.KQueueSelectorImpl@704641e3
14:34:29.644 [main] TRACE io.netty.channel.nio.NioEventLoop - instrumented a special java.util.Set into: sun.nio.ch.KQueueSelectorImpl@2f00f851
14:34:29.644 [main] TRACE io.netty.channel.nio.NioEventLoop - instrumented a special java.util.Set into: sun.nio.ch.KQueueSelectorImpl@4207609e
14:34:29.644 [main] TRACE io.netty.channel.nio.NioEventLoop - instrumented a special java.util.Set into: sun.nio.ch.KQueueSelectorImpl@1f77b5cc
14:34:29.644 [main] TRACE io.netty.channel.nio.NioEventLoop - instrumented a special java.util.Set into: sun.nio.ch.KQueueSelectorImpl@5d7ca698
14:34:29.645 [main] TRACE io.netty.channel.nio.NioEventLoop - instrumented a special java.util.Set into: sun.nio.ch.KQueueSelectorImpl@75961f16
14:34:29.645 [main] TRACE io.netty.channel.nio.NioEventLoop - instrumented a special java.util.Set into: sun.nio.ch.KQueueSelectorImpl@c6c82aa
14:34:29.645 [main] TRACE io.netty.channel.nio.NioEventLoop - instrumented a special java.util.Set into: sun.nio.ch.KQueueSelectorImpl@2e179f3e
14:34:29.645 [main] TRACE io.netty.channel.nio.NioEventLoop - instrumented a special java.util.Set into: sun.nio.ch.KQueueSelectorImpl@16e7b402
14:34:29.646 [main] TRACE io.netty.channel.nio.NioEventLoop - instrumented a special java.util.Set into: sun.nio.ch.KQueueSelectorImpl@534c6767
14:34:29.646 [main] TRACE io.netty.channel.nio.NioEventLoop - instrumented a special java.util.Set into: sun.nio.ch.KQueueSelectorImpl@3bddc676
14:34:29.646 [main] TRACE io.netty.channel.nio.NioEventLoop - instrumented a special java.util.Set into: sun.nio.ch.KQueueSelectorImpl@29a1505c
14:34:29.738 [main] DEBUG io.netty.buffer.PooledByteBufAllocator - -Dio.netty.allocator.numHeapArenas: 16
14:34:29.738 [main] DEBUG io.netty.buffer.PooledByteBufAllocator - -Dio.netty.allocator.numDirectArenas: 16
14:34:29.738 [main] DEBUG io.netty.buffer.PooledByteBufAllocator - -Dio.netty.allocator.pageSize: 8192
14:34:29.739 [main] DEBUG io.netty.buffer.PooledByteBufAllocator - -Dio.netty.allocator.maxOrder: 9
14:34:29.739 [main] DEBUG io.netty.buffer.PooledByteBufAllocator - -Dio.netty.allocator.chunkSize: 4194304
14:34:29.739 [main] DEBUG io.netty.buffer.PooledByteBufAllocator - -Dio.netty.allocator.smallCacheSize: 256
14:34:29.739 [main] DEBUG io.netty.buffer.PooledByteBufAllocator - -Dio.netty.allocator.normalCacheSize: 64
14:34:29.739 [main] DEBUG io.netty.buffer.PooledByteBufAllocator - -Dio.netty.allocator.maxCachedBufferCapacity: 32768
14:34:29.740 [main] DEBUG io.netty.buffer.PooledByteBufAllocator - -Dio.netty.allocator.cacheTrimInterval: 8192
14:34:29.740 [main] DEBUG io.netty.buffer.PooledByteBufAllocator - -Dio.netty.allocator.cacheTrimIntervalMillis: 0
14:34:29.740 [main] DEBUG io.netty.buffer.PooledByteBufAllocator - -Dio.netty.allocator.useCacheForAllThreads: false
14:34:29.740 [main] DEBUG io.netty.buffer.PooledByteBufAllocator - -Dio.netty.allocator.maxCachedByteBuffersPerChunk: 1023
14:34:29.783 [main] DEBUG io.netty.buffer.ByteBufUtil - -Dio.netty.allocator.type: pooled
14:34:29.784 [main] DEBUG io.netty.buffer.ByteBufUtil - -Dio.netty.threadLocalDirectBufferSize: 0
14:34:29.784 [main] DEBUG io.netty.buffer.ByteBufUtil - -Dio.netty.maxThreadLocalCharBufferSize: 16384
14:34:30.830 [Forwarding newSession on session null to remote] DEBUG io.netty.channel.DefaultChannelId - -Dio.netty.processId: 12544 (auto-detected)
14:34:30.834 [Forwarding newSession on session null to remote] DEBUG io.netty.util.NetUtil - -Djava.net.preferIPv4Stack: false
14:34:30.834 [Forwarding newSession on session null to remote] DEBUG io.netty.util.NetUtil - -Djava.net.preferIPv6Addresses: false
14:34:30.839 [Forwarding newSession on session null to remote] DEBUG io.netty.util.NetUtilInitializations - Loopback interface: lo0 (lo0, 0:0:0:0:0:0:0:1%lo0)
14:34:30.841 [Forwarding newSession on session null to remote] DEBUG io.netty.util.NetUtil - Failed to get SOMAXCONN from sysctl and file /proc/sys/net/core/somaxconn. Default: 128
14:34:30.845 [Forwarding newSession on session null to remote] DEBUG io.netty.channel.DefaultChannelId - -Dio.netty.machineId: 14:7d:da:ff:fe:b9:31:2a (auto-detected)
14:34:31.176 [AsyncHttpClient-1-2] DEBUG io.netty.buffer.AbstractByteBuf - -Dio.netty.buffer.checkAccessible: true
14:34:31.176 [AsyncHttpClient-1-2] DEBUG io.netty.buffer.AbstractByteBuf - -Dio.netty.buffer.checkBounds: true
14:34:31.176 [AsyncHttpClient-1-2] DEBUG io.netty.util.ResourceLeakDetectorFactory - Loaded default ResourceLeakDetector: io.netty.util.ResourceLeakDetector@616cf028
14:34:31.236 [AsyncHttpClient-1-2] DEBUG io.netty.util.Recycler - -Dio.netty.recycler.maxCapacityPerThread: 4096
14:34:31.236 [AsyncHttpClient-1-2] DEBUG io.netty.util.Recycler - -Dio.netty.recycler.ratio: 8
14:34:31.236 [AsyncHttpClient-1-2] DEBUG io.netty.util.Recycler - -Dio.netty.recycler.chunkSize: 32
14:34:31.236 [AsyncHttpClient-1-2] DEBUG io.netty.util.Recycler - -Dio.netty.recycler.blocking: false
14:34:34.542 [AsyncHttpClient-1-2] DEBUG io.netty.handler.codec.compression.Brotli - brotli4j not in the classpath; Brotli support will be unavailable.
14:34:34.931 [main] DEBUG io.netty.util.internal.ThreadLocalRandom - -Dio.netty.initialSeedUniquifier: 0xe0c8356c70b753f3
14:34:35.048 [main] INFO  testCases.TC_001_AccountRegistration - Launched Chrome Browser
14:34:35.135 [main] INFO  testCases.TC_001_AccountRegistration -  Starting TC_001_AccountRegistration 
14:34:36.195 [main] INFO  testCases.TC_001_AccountRegistration - Home Page Displayed 
14:34:37.732 [main] INFO  testCases.TC_001_AccountRegistration - Clicked on My Account 
14:34:38.390 [main] INFO  testCases.TC_001_AccountRegistration - Clicked on Register 
14:34:38.641 [main] INFO  testCases.TC_001_AccountRegistration - Provided First Name 
14:34:38.792 [main] INFO  testCases.TC_001_AccountRegistration - Provided Last Name 
14:34:38.946 [main] INFO  testCases.TC_001_AccountRegistration - Provided Email 
14:34:39.092 [main] INFO  testCases.TC_001_AccountRegistration - Provided Telephone 
14:34:39.240 [main] INFO  testCases.TC_001_AccountRegistration - Provided Password 
14:34:39.390 [main] INFO  testCases.TC_001_AccountRegistration - Provided Confrmed Password 
14:34:39.524 [main] INFO  testCases.TC_001_AccountRegistration - Set Privacy Policy 
14:34:40.583 [main] INFO  testCases.TC_001_AccountRegistration - Clicked on Continue 
14:34:40.679 [main] INFO  testCases.TC_001_AccountRegistration - Account Registration Success 
14:34:40.727 [main] INFO  testCases.TC_001_AccountRegistration -  Finished TC_001_AccountRegistration 
14:34:40.776 [AsyncHttpClient-1-4] TRACE io.netty.handler.codec.http.websocketx.WebSocket08FrameEncoder - Encoding WebSocket Frame opCode=8 length=26
14:34:44.094 [main] INFO  testCases.TC_002_Login - Launched Chrome Browser
14:34:44.131 [main] INFO  testCases.TC_002_Login -  Starting TC_002_Login 
14:34:45.244 [main] INFO  testCases.TC_002_Login - Home Page Displayed 
14:34:46.679 [main] INFO  testCases.TC_002_Login - Clicked on My Account 
14:34:47.380 [main] INFO  testCases.TC_002_Login - Clicked on Login 
14:34:47.686 [main] INFO  testCases.TC_002_Login - Provided Email 
14:34:47.842 [main] INFO  testCases.TC_002_Login - Provided Password 
14:34:48.938 [main] INFO  testCases.TC_002_Login - Clicked on Login
14:34:49.042 [main] INFO  testCases.TC_002_Login - Login Success 
14:34:49.043 [main] INFO  testCases.TC_002_Login -  Finished TC_002_Login 
14:34:49.045 [AsyncHttpClient-1-7] TRACE io.netty.handler.codec.http.websocketx.WebSocket08FrameEncoder - Encoding WebSocket Frame opCode=8 length=26
14:44:18.433 [main] DEBUG io.netty.util.internal.logging.InternalLoggerFactory - Using Log4J2 as the default logging framework
14:44:18.464 [main] DEBUG io.netty.util.ResourceLeakDetector - -Dio.netty.leakDetection.level: simple
14:44:18.465 [main] DEBUG io.netty.util.ResourceLeakDetector - -Dio.netty.leakDetection.targetRecords: 4
14:44:18.472 [main] DEBUG io.netty.util.ResourceLeakDetectorFactory - Loaded default ResourceLeakDetector: io.netty.util.ResourceLeakDetector@53ab0286
14:44:18.519 [main] DEBUG io.netty.util.internal.PlatformDependent0 - -Dio.netty.noUnsafe: false
14:44:18.520 [main] DEBUG io.netty.util.internal.PlatformDependent0 - Java version: 8
14:44:18.521 [main] DEBUG io.netty.util.internal.PlatformDependent0 - sun.misc.Unsafe.theUnsafe: available
14:44:18.522 [main] DEBUG io.netty.util.internal.PlatformDependent0 - sun.misc.Unsafe.copyMemory: available
14:44:18.523 [main] DEBUG io.netty.util.internal.PlatformDependent0 - java.nio.Buffer.address: available
14:44:18.523 [main] DEBUG io.netty.util.internal.PlatformDependent0 - direct buffer constructor: available
14:44:18.524 [main] DEBUG io.netty.util.internal.PlatformDependent0 - java.nio.Bits.unaligned: available, true
14:44:18.524 [main] DEBUG io.netty.util.internal.PlatformDependent0 - jdk.internal.misc.Unsafe.allocateUninitializedArray(int): unavailable prior to Java9
14:44:18.524 [main] DEBUG io.netty.util.internal.PlatformDependent0 - java.nio.DirectByteBuffer.<init>(long, int): available
14:44:18.525 [main] DEBUG io.netty.util.internal.PlatformDependent - sun.misc.Unsafe: available
14:44:18.525 [main] DEBUG io.netty.util.internal.PlatformDependent - -Dio.netty.tmpdir: /var/folders/7h/rf9v8xp9007_skxn9lj5tq0r0000gn/T (java.io.tmpdir)
14:44:18.526 [main] DEBUG io.netty.util.internal.PlatformDependent - -Dio.netty.bitMode: 64 (sun.arch.data.model)
14:44:18.526 [main] DEBUG io.netty.util.internal.PlatformDependent - Platform: MacOS
14:44:18.528 [main] DEBUG io.netty.util.internal.PlatformDependent - -Dio.netty.maxDirectMemory: 1908932608 bytes
14:44:18.528 [main] DEBUG io.netty.util.internal.PlatformDependent - -Dio.netty.uninitializedArrayAllocationThreshold: -1
14:44:18.530 [main] DEBUG io.netty.util.internal.CleanerJava6 - java.nio.ByteBuffer.cleaner(): available
14:44:18.530 [main] DEBUG io.netty.util.internal.PlatformDependent - -Dio.netty.noPreferDirect: false
14:44:18.557 [main] DEBUG io.netty.util.internal.PlatformDependent - org.jctools-core.MpscChunkedArrayQueue: available
14:44:18.602 [main] DEBUG io.netty.util.internal.InternalThreadLocalMap - -Dio.netty.threadLocalMap.stringBuilder.initialSize: 1024
14:44:18.603 [main] DEBUG io.netty.util.internal.InternalThreadLocalMap - -Dio.netty.threadLocalMap.stringBuilder.maxSize: 4096
14:44:18.671 [main] DEBUG io.netty.handler.ssl.JdkSslContext - Default protocols (JDK): [TLSv1.2, TLSv1.1, TLSv1] 
14:44:18.672 [main] DEBUG io.netty.handler.ssl.JdkSslContext - Default cipher suites (JDK): [TLS_ECDHE_ECDSA_WITH_AES_256_GCM_SHA384, TLS_ECDHE_ECDSA_WITH_AES_128_GCM_SHA256, TLS_ECDHE_RSA_WITH_AES_128_GCM_SHA256, TLS_ECDHE_RSA_WITH_AES_256_GCM_SHA384, TLS_ECDHE_RSA_WITH_AES_128_CBC_SHA, TLS_ECDHE_RSA_WITH_AES_256_CBC_SHA, TLS_RSA_WITH_AES_128_GCM_SHA256, TLS_RSA_WITH_AES_128_CBC_SHA, TLS_RSA_WITH_AES_256_CBC_SHA]
14:44:18.727 [main] DEBUG io.netty.channel.MultithreadEventLoopGroup - -Dio.netty.eventLoopThreads: 16
14:44:18.758 [main] DEBUG io.netty.channel.nio.NioEventLoop - -Dio.netty.noKeySetOptimization: false
14:44:18.758 [main] DEBUG io.netty.channel.nio.NioEventLoop - -Dio.netty.selectorAutoRebuildThreshold: 512
14:44:18.766 [main] TRACE io.netty.channel.nio.NioEventLoop - instrumented a special java.util.Set into: sun.nio.ch.KQueueSelectorImpl@6d6bc158
14:44:18.767 [main] TRACE io.netty.channel.nio.NioEventLoop - instrumented a special java.util.Set into: sun.nio.ch.KQueueSelectorImpl@54afd745
14:44:18.767 [main] TRACE io.netty.channel.nio.NioEventLoop - instrumented a special java.util.Set into: sun.nio.ch.KQueueSelectorImpl@677dbd89
14:44:18.767 [main] TRACE io.netty.channel.nio.NioEventLoop - instrumented a special java.util.Set into: sun.nio.ch.KQueueSelectorImpl@fff25f1
14:44:18.767 [main] TRACE io.netty.channel.nio.NioEventLoop - instrumented a special java.util.Set into: sun.nio.ch.KQueueSelectorImpl@c00fff0
14:44:18.768 [main] TRACE io.netty.channel.nio.NioEventLoop - instrumented a special java.util.Set into: sun.nio.ch.KQueueSelectorImpl@263f04ca
14:44:18.768 [main] TRACE io.netty.channel.nio.NioEventLoop - instrumented a special java.util.Set into: sun.nio.ch.KQueueSelectorImpl@2ca47471
14:44:18.768 [main] TRACE io.netty.channel.nio.NioEventLoop - instrumented a special java.util.Set into: sun.nio.ch.KQueueSelectorImpl@5a021cb9
14:44:18.769 [main] TRACE io.netty.channel.nio.NioEventLoop - instrumented a special java.util.Set into: sun.nio.ch.KQueueSelectorImpl@51768776
14:44:18.769 [main] TRACE io.netty.channel.nio.NioEventLoop - instrumented a special java.util.Set into: sun.nio.ch.KQueueSelectorImpl@f31c0c6
14:44:18.769 [main] TRACE io.netty.channel.nio.NioEventLoop - instrumented a special java.util.Set into: sun.nio.ch.KQueueSelectorImpl@b93aad
14:44:18.769 [main] TRACE io.netty.channel.nio.NioEventLoop - instrumented a special java.util.Set into: sun.nio.ch.KQueueSelectorImpl@4a9419d7
14:44:18.769 [main] TRACE io.netty.channel.nio.NioEventLoop - instrumented a special java.util.Set into: sun.nio.ch.KQueueSelectorImpl@2f3c6ac4
14:44:18.770 [main] TRACE io.netty.channel.nio.NioEventLoop - instrumented a special java.util.Set into: sun.nio.ch.KQueueSelectorImpl@2e8ab815
14:44:18.770 [main] TRACE io.netty.channel.nio.NioEventLoop - instrumented a special java.util.Set into: sun.nio.ch.KQueueSelectorImpl@67af833b
14:44:18.770 [main] TRACE io.netty.channel.nio.NioEventLoop - instrumented a special java.util.Set into: sun.nio.ch.KQueueSelectorImpl@d1f74b8
14:44:18.826 [main] DEBUG io.netty.buffer.PooledByteBufAllocator - -Dio.netty.allocator.numHeapArenas: 16
14:44:18.826 [main] DEBUG io.netty.buffer.PooledByteBufAllocator - -Dio.netty.allocator.numDirectArenas: 16
14:44:18.826 [main] DEBUG io.netty.buffer.PooledByteBufAllocator - -Dio.netty.allocator.pageSize: 8192
14:44:18.826 [main] DEBUG io.netty.buffer.PooledByteBufAllocator - -Dio.netty.allocator.maxOrder: 9
14:44:18.826 [main] DEBUG io.netty.buffer.PooledByteBufAllocator - -Dio.netty.allocator.chunkSize: 4194304
14:44:18.827 [main] DEBUG io.netty.buffer.PooledByteBufAllocator - -Dio.netty.allocator.smallCacheSize: 256
14:44:18.827 [main] DEBUG io.netty.buffer.PooledByteBufAllocator - -Dio.netty.allocator.normalCacheSize: 64
14:44:18.827 [main] DEBUG io.netty.buffer.PooledByteBufAllocator - -Dio.netty.allocator.maxCachedBufferCapacity: 32768
14:44:18.827 [main] DEBUG io.netty.buffer.PooledByteBufAllocator - -Dio.netty.allocator.cacheTrimInterval: 8192
14:44:18.827 [main] DEBUG io.netty.buffer.PooledByteBufAllocator - -Dio.netty.allocator.cacheTrimIntervalMillis: 0
14:44:18.828 [main] DEBUG io.netty.buffer.PooledByteBufAllocator - -Dio.netty.allocator.useCacheForAllThreads: false
14:44:18.828 [main] DEBUG io.netty.buffer.PooledByteBufAllocator - -Dio.netty.allocator.maxCachedByteBuffersPerChunk: 1023
14:44:18.861 [main] DEBUG io.netty.buffer.ByteBufUtil - -Dio.netty.allocator.type: pooled
14:44:18.861 [main] DEBUG io.netty.buffer.ByteBufUtil - -Dio.netty.threadLocalDirectBufferSize: 0
14:44:18.861 [main] DEBUG io.netty.buffer.ByteBufUtil - -Dio.netty.maxThreadLocalCharBufferSize: 16384
14:44:19.698 [Forwarding newSession on session null to remote] DEBUG io.netty.channel.DefaultChannelId - -Dio.netty.processId: 12742 (auto-detected)
14:44:19.704 [Forwarding newSession on session null to remote] DEBUG io.netty.util.NetUtil - -Djava.net.preferIPv4Stack: false
14:44:19.704 [Forwarding newSession on session null to remote] DEBUG io.netty.util.NetUtil - -Djava.net.preferIPv6Addresses: false
14:44:19.710 [Forwarding newSession on session null to remote] DEBUG io.netty.util.NetUtilInitializations - Loopback interface: lo0 (lo0, 0:0:0:0:0:0:0:1%lo0)
14:44:19.712 [Forwarding newSession on session null to remote] DEBUG io.netty.util.NetUtil - Failed to get SOMAXCONN from sysctl and file /proc/sys/net/core/somaxconn. Default: 128
14:44:19.717 [Forwarding newSession on session null to remote] DEBUG io.netty.channel.DefaultChannelId - -Dio.netty.machineId: 14:7d:da:ff:fe:b9:31:2a (auto-detected)
14:44:19.859 [AsyncHttpClient-1-2] DEBUG io.netty.buffer.AbstractByteBuf - -Dio.netty.buffer.checkAccessible: true
14:44:19.859 [AsyncHttpClient-1-2] DEBUG io.netty.buffer.AbstractByteBuf - -Dio.netty.buffer.checkBounds: true
14:44:19.859 [AsyncHttpClient-1-2] DEBUG io.netty.util.ResourceLeakDetectorFactory - Loaded default ResourceLeakDetector: io.netty.util.ResourceLeakDetector@77e60410
14:44:19.919 [AsyncHttpClient-1-2] DEBUG io.netty.util.Recycler - -Dio.netty.recycler.maxCapacityPerThread: 4096
14:44:19.919 [AsyncHttpClient-1-2] DEBUG io.netty.util.Recycler - -Dio.netty.recycler.ratio: 8
14:44:19.920 [AsyncHttpClient-1-2] DEBUG io.netty.util.Recycler - -Dio.netty.recycler.chunkSize: 32
14:44:19.920 [AsyncHttpClient-1-2] DEBUG io.netty.util.Recycler - -Dio.netty.recycler.blocking: false
14:44:23.829 [AsyncHttpClient-1-2] DEBUG io.netty.handler.codec.compression.Brotli - brotli4j not in the classpath; Brotli support will be unavailable.
14:44:24.267 [main] DEBUG io.netty.util.internal.ThreadLocalRandom - -Dio.netty.initialSeedUniquifier: 0xe8467df974633135
14:44:24.422 [main] INFO  testCases.TC_001_AccountRegistration - Launched Chrome Browser
14:44:24.480 [main] INFO  testCases.TC_001_AccountRegistration -  Starting TC_001_AccountRegistration 
14:44:26.027 [main] INFO  testCases.TC_001_AccountRegistration - Home Page Displayed 
14:44:27.869 [main] INFO  testCases.TC_001_AccountRegistration - Clicked on My Account 
14:44:28.905 [main] INFO  testCases.TC_001_AccountRegistration - Clicked on Register 
14:44:29.182 [main] INFO  testCases.TC_001_AccountRegistration - Provided First Name 
14:44:29.332 [main] INFO  testCases.TC_001_AccountRegistration - Provided Last Name 
14:44:29.512 [main] INFO  testCases.TC_001_AccountRegistration - Provided Email 
14:44:29.674 [main] INFO  testCases.TC_001_AccountRegistration - Provided Telephone 
14:44:29.830 [main] INFO  testCases.TC_001_AccountRegistration - Provided Password 
14:44:30.000 [main] INFO  testCases.TC_001_AccountRegistration - Provided Confrmed Password 
14:44:30.112 [main] INFO  testCases.TC_001_AccountRegistration - Set Privacy Policy 
14:44:31.151 [main] INFO  testCases.TC_001_AccountRegistration - Clicked on Continue 
14:44:31.218 [main] INFO  testCases.TC_001_AccountRegistration - Account Registration Success 
14:44:31.221 [main] INFO  testCases.TC_001_AccountRegistration -  Finished TC_001_AccountRegistration 
14:44:31.258 [AsyncHttpClient-1-4] TRACE io.netty.handler.codec.http.websocketx.WebSocket08FrameEncoder - Encoding WebSocket Frame opCode=8 length=26
14:44:34.081 [main] INFO  testCases.TC_002_Login - Launched Chrome Browser
14:44:34.116 [main] INFO  testCases.TC_002_Login -  Starting TC_002_Login 
14:44:35.560 [main] INFO  testCases.TC_002_Login - Home Page Displayed 
14:44:37.152 [main] INFO  testCases.TC_002_Login - Clicked on My Account 
14:44:37.875 [main] INFO  testCases.TC_002_Login - Clicked on Login 
14:44:38.160 [main] INFO  testCases.TC_002_Login - Provided Email 
14:44:38.318 [main] INFO  testCases.TC_002_Login - Provided Password 
14:44:39.369 [main] INFO  testCases.TC_002_Login - Clicked on Login
14:44:39.476 [main] INFO  testCases.TC_002_Login - Login Success 
14:44:39.476 [main] INFO  testCases.TC_002_Login -  Finished TC_002_Login 
14:44:39.478 [AsyncHttpClient-1-7] TRACE io.netty.handler.codec.http.websocketx.WebSocket08FrameEncoder - Encoding WebSocket Frame opCode=8 length=26
14:48:45.023 [main] DEBUG io.netty.util.internal.logging.InternalLoggerFactory - Using Log4J2 as the default logging framework
14:48:45.048 [main] DEBUG io.netty.util.ResourceLeakDetector - -Dio.netty.leakDetection.level: simple
14:48:45.049 [main] DEBUG io.netty.util.ResourceLeakDetector - -Dio.netty.leakDetection.targetRecords: 4
14:48:45.057 [main] DEBUG io.netty.util.ResourceLeakDetectorFactory - Loaded default ResourceLeakDetector: io.netty.util.ResourceLeakDetector@53ab0286
14:48:45.092 [main] DEBUG io.netty.util.internal.PlatformDependent0 - -Dio.netty.noUnsafe: false
14:48:45.093 [main] DEBUG io.netty.util.internal.PlatformDependent0 - Java version: 8
14:48:45.094 [main] DEBUG io.netty.util.internal.PlatformDependent0 - sun.misc.Unsafe.theUnsafe: available
14:48:45.095 [main] DEBUG io.netty.util.internal.PlatformDependent0 - sun.misc.Unsafe.copyMemory: available
14:48:45.096 [main] DEBUG io.netty.util.internal.PlatformDependent0 - java.nio.Buffer.address: available
14:48:45.096 [main] DEBUG io.netty.util.internal.PlatformDependent0 - direct buffer constructor: available
14:48:45.097 [main] DEBUG io.netty.util.internal.PlatformDependent0 - java.nio.Bits.unaligned: available, true
14:48:45.098 [main] DEBUG io.netty.util.internal.PlatformDependent0 - jdk.internal.misc.Unsafe.allocateUninitializedArray(int): unavailable prior to Java9
14:48:45.098 [main] DEBUG io.netty.util.internal.PlatformDependent0 - java.nio.DirectByteBuffer.<init>(long, int): available
14:48:45.098 [main] DEBUG io.netty.util.internal.PlatformDependent - sun.misc.Unsafe: available
14:48:45.098 [main] DEBUG io.netty.util.internal.PlatformDependent - -Dio.netty.tmpdir: /var/folders/7h/rf9v8xp9007_skxn9lj5tq0r0000gn/T (java.io.tmpdir)
14:48:45.099 [main] DEBUG io.netty.util.internal.PlatformDependent - -Dio.netty.bitMode: 64 (sun.arch.data.model)
